<?xml version="1.0" encoding="UTF-8"?>
<!-- Generated by org.testng.reporters.JUnitXMLReporter -->
<testsuite ignored="0" hostname="LAPTOP-IT7JOLC2" failures="0" tests="21" name="Default test" time="122.859" errors="0" timestamp="2025-09-10T01:28:54 IST">
  <testcase classname="com.myproject.tests.ContactUsPageUITest" name="tc_api_nav" time="4.15"/>
  <testcase classname="com.myproject.tests.ContactUsPageUITest" name="tc_cart_nav" time="6.305"/>
  <testcase classname="com.myproject.tests.ContactUsPageUITest" name="tc_choose_file_present" time="5.148"/>
  <testcase classname="com.myproject.tests.ContactUsPageUITest" name="tc_contact_nav" time="5.126"/>
  <testcase classname="com.myproject.tests.ContactUsPageUITest" name="tc_contact_page_loads" time="0.83"/>
  <testcase classname="com.myproject.tests.ContactUsPageUITest" name="tc_contact_title_centered" time="2.006"/>
  <testcase classname="com.myproject.tests.ContactUsPageUITest" name="tc_email_field_present" time="0.865"/>
  <testcase classname="com.myproject.tests.ContactUsPageUITest" name="tc_feedback_mail_present" time="1.04"/>
  <testcase classname="com.myproject.tests.ContactUsPageUITest" name="tc_feedback_section_present" time="1.182"/>
  <testcase classname="com.myproject.tests.ContactUsPageUITest" name="tc_footer_present" time="0.933"/>
  <testcase classname="com.myproject.tests.ContactUsPageUITest" name="tc_get_in_touch_title" time="0.939"/>
  <testcase classname="com.myproject.tests.ContactUsPageUITest" name="tc_home_nav" time="43.347"/>
  <testcase classname="com.myproject.tests.ContactUsPageUITest" name="tc_logo_present" time="1.562"/>
  <testcase classname="com.myproject.tests.ContactUsPageUITest" name="tc_message_field_present" time="0.899"/>
  <testcase classname="com.myproject.tests.ContactUsPageUITest" name="tc_name_field_present" time="0.946"/>
  <testcase classname="com.myproject.tests.ContactUsPageUITest" name="tc_products_nav" time="11.552"/>
  <testcase classname="com.myproject.tests.ContactUsPageUITest" name="tc_signup_nav" time="3.117"/>
  <testcase classname="com.myproject.tests.ContactUsPageUITest" name="tc_subject_field_present" time="0.866"/>
  <testcase classname="com.myproject.tests.ContactUsPageUITest" name="tc_submit_button_present" time="1.249"/>
  <testcase classname="com.myproject.tests.ContactUsPageUITest" name="tc_testcases_nav" time="3.129"/>
  <testcase classname="com.myproject.tests.ContactUsPageUITest" name="tc_video_nav" time="14.243"/>
</testsuite> <!-- Default test -->
