<?xml version="1.0" encoding="UTF-8"?>
<testng-results ignored="0" total="21" passed="21" failed="0" skipped="0">
  <reporter-output>
  </reporter-output>
  <suite started-at="2025-09-10T01:30:57 IST" name="AutomationExercise Suite" finished-at="2025-09-10T01:31:43 IST" duration-ms="46288">
    <groups>
    </groups>
    <test started-at="2025-09-10T01:30:57 IST" name="SmokeTests" finished-at="2025-09-10T01:31:43 IST" duration-ms="46288">
      <class name="com.myproject.tests.ContactUsPageUITest">
        <test-method is-config="true" signature="beforeClass(java.lang.String)[pri:0, instance:com.myproject.tests.ContactUsPageUITest@2bdd8394]" started-at="2025-09-10T01:30:57 IST" name="beforeClass" finished-at="2025-09-10T01:31:05 IST" duration-ms="7845" status="PASS">
          <params>
            <param index="0">
              <value>
                <![CDATA[chrome]]>
              </value>
            </param>
          </params>
          <reporter-output>
          </reporter-output>
        </test-method> <!-- beforeClass -->
        <test-method signature="tc_api_nav()[pri:0, instance:com.myproject.tests.ContactUsPageUITest@2bdd8394]" started-at="2025-09-10T01:31:05 IST" name="tc_api_nav" description="API Testing nav is present &amp; working" finished-at="2025-09-10T01:31:08 IST" duration-ms="3226" status="PASS">
          <reporter-output>
          </reporter-output>
        </test-method> <!-- tc_api_nav -->
        <test-method signature="tc_cart_nav()[pri:0, instance:com.myproject.tests.ContactUsPageUITest@2bdd8394]" started-at="2025-09-10T01:31:08 IST" name="tc_cart_nav" description="Cart nav is present &amp; working" finished-at="2025-09-10T01:31:11 IST" duration-ms="3309" status="PASS">
          <reporter-output>
          </reporter-output>
        </test-method> <!-- tc_cart_nav -->
        <test-method signature="tc_choose_file_present()[pri:0, instance:com.myproject.tests.ContactUsPageUITest@2bdd8394]" started-at="2025-09-10T01:31:11 IST" name="tc_choose_file_present" description="Choose file button is present" finished-at="2025-09-10T01:31:12 IST" duration-ms="790" status="PASS">
          <reporter-output>
          </reporter-output>
        </test-method> <!-- tc_choose_file_present -->
        <test-method signature="tc_contact_nav()[pri:0, instance:com.myproject.tests.ContactUsPageUITest@2bdd8394]" started-at="2025-09-10T01:31:12 IST" name="tc_contact_nav" description="Contact Us nav is present &amp; working" finished-at="2025-09-10T01:31:14 IST" duration-ms="2145" status="PASS">
          <reporter-output>
          </reporter-output>
        </test-method> <!-- tc_contact_nav -->
        <test-method signature="tc_contact_page_loads()[pri:0, instance:com.myproject.tests.ContactUsPageUITest@2bdd8394]" started-at="2025-09-10T01:31:14 IST" name="tc_contact_page_loads" description="Contact Us page loads correctly on Chrome" finished-at="2025-09-10T01:31:15 IST" duration-ms="932" status="PASS">
          <reporter-output>
          </reporter-output>
        </test-method> <!-- tc_contact_page_loads -->
        <test-method signature="tc_contact_title_centered()[pri:0, instance:com.myproject.tests.ContactUsPageUITest@2bdd8394]" started-at="2025-09-10T01:31:15 IST" name="tc_contact_title_centered" description="Contact Us title present in center of page" finished-at="2025-09-10T01:31:16 IST" duration-ms="958" status="PASS">
          <reporter-output>
          </reporter-output>
        </test-method> <!-- tc_contact_title_centered -->
        <test-method signature="tc_email_field_present()[pri:0, instance:com.myproject.tests.ContactUsPageUITest@2bdd8394]" started-at="2025-09-10T01:31:16 IST" name="tc_email_field_present" description="Email field box is present" finished-at="2025-09-10T01:31:17 IST" duration-ms="708" status="PASS">
          <reporter-output>
          </reporter-output>
        </test-method> <!-- tc_email_field_present -->
        <test-method signature="tc_feedback_mail_present()[pri:0, instance:com.myproject.tests.ContactUsPageUITest@2bdd8394]" started-at="2025-09-10T01:31:17 IST" name="tc_feedback_mail_present" description="feedback@automationexercise.com mail is present in feedback section" finished-at="2025-09-10T01:31:18 IST" duration-ms="835" status="PASS">
          <reporter-output>
          </reporter-output>
        </test-method> <!-- tc_feedback_mail_present -->
        <test-method signature="tc_feedback_section_present()[pri:0, instance:com.myproject.tests.ContactUsPageUITest@2bdd8394]" started-at="2025-09-10T01:31:18 IST" name="tc_feedback_section_present" description="Feedback for Us section is present" finished-at="2025-09-10T01:31:18 IST" duration-ms="633" status="PASS">
          <reporter-output>
          </reporter-output>
        </test-method> <!-- tc_feedback_section_present -->
        <test-method signature="tc_footer_present()[pri:0, instance:com.myproject.tests.ContactUsPageUITest@2bdd8394]" started-at="2025-09-10T01:31:18 IST" name="tc_footer_present" description="Footer copyright present" finished-at="2025-09-10T01:31:19 IST" duration-ms="827" status="PASS">
          <reporter-output>
          </reporter-output>
        </test-method> <!-- tc_footer_present -->
        <test-method signature="tc_get_in_touch_title()[pri:0, instance:com.myproject.tests.ContactUsPageUITest@2bdd8394]" started-at="2025-09-10T01:31:19 IST" name="tc_get_in_touch_title" description="Get In Touch title present in centre of form section" finished-at="2025-09-10T01:31:20 IST" duration-ms="670" status="PASS">
          <reporter-output>
          </reporter-output>
        </test-method> <!-- tc_get_in_touch_title -->
        <test-method signature="tc_home_nav()[pri:0, instance:com.myproject.tests.ContactUsPageUITest@2bdd8394]" started-at="2025-09-10T01:31:20 IST" name="tc_home_nav" description="Home nav is present &amp; working" finished-at="2025-09-10T01:31:24 IST" duration-ms="3706" status="PASS">
          <reporter-output>
          </reporter-output>
        </test-method> <!-- tc_home_nav -->
        <test-method signature="tc_logo_present()[pri:0, instance:com.myproject.tests.ContactUsPageUITest@2bdd8394]" started-at="2025-09-10T01:31:24 IST" name="tc_logo_present" description="AutomationExercise logo/button present" finished-at="2025-09-10T01:31:24 IST" duration-ms="730" status="PASS">
          <reporter-output>
          </reporter-output>
        </test-method> <!-- tc_logo_present -->
        <test-method signature="tc_message_field_present()[pri:0, instance:com.myproject.tests.ContactUsPageUITest@2bdd8394]" started-at="2025-09-10T01:31:24 IST" name="tc_message_field_present" description="Your message field is present" finished-at="2025-09-10T01:31:25 IST" duration-ms="830" status="PASS">
          <reporter-output>
          </reporter-output>
        </test-method> <!-- tc_message_field_present -->
        <test-method signature="tc_name_field_present()[pri:0, instance:com.myproject.tests.ContactUsPageUITest@2bdd8394]" started-at="2025-09-10T01:31:25 IST" name="tc_name_field_present" description="Name field box is present" finished-at="2025-09-10T01:31:26 IST" duration-ms="894" status="PASS">
          <reporter-output>
          </reporter-output>
        </test-method> <!-- tc_name_field_present -->
        <test-method signature="tc_products_nav()[pri:0, instance:com.myproject.tests.ContactUsPageUITest@2bdd8394]" started-at="2025-09-10T01:31:26 IST" name="tc_products_nav" description="Products nav is present &amp; working" finished-at="2025-09-10T01:31:29 IST" duration-ms="3358" status="PASS">
          <reporter-output>
          </reporter-output>
        </test-method> <!-- tc_products_nav -->
        <test-method signature="tc_signup_nav()[pri:0, instance:com.myproject.tests.ContactUsPageUITest@2bdd8394]" started-at="2025-09-10T01:31:29 IST" name="tc_signup_nav" description="Signup/Login nav is present &amp; working" finished-at="2025-09-10T01:31:32 IST" duration-ms="2154" status="PASS">
          <reporter-output>
          </reporter-output>
        </test-method> <!-- tc_signup_nav -->
        <test-method signature="tc_subject_field_present()[pri:0, instance:com.myproject.tests.ContactUsPageUITest@2bdd8394]" started-at="2025-09-10T01:31:32 IST" name="tc_subject_field_present" description="Subject field box is present" finished-at="2025-09-10T01:31:33 IST" duration-ms="1084" status="PASS">
          <reporter-output>
          </reporter-output>
        </test-method> <!-- tc_subject_field_present -->
        <test-method signature="tc_submit_button_present()[pri:0, instance:com.myproject.tests.ContactUsPageUITest@2bdd8394]" started-at="2025-09-10T01:31:33 IST" name="tc_submit_button_present" description="Submit button is present" finished-at="2025-09-10T01:31:33 IST" duration-ms="654" status="PASS">
          <reporter-output>
          </reporter-output>
        </test-method> <!-- tc_submit_button_present -->
        <test-method signature="tc_testcases_nav()[pri:0, instance:com.myproject.tests.ContactUsPageUITest@2bdd8394]" started-at="2025-09-10T01:31:33 IST" name="tc_testcases_nav" description="Test Cases nav is present &amp; working" finished-at="2025-09-10T01:31:36 IST" duration-ms="2654" status="PASS">
          <reporter-output>
          </reporter-output>
        </test-method> <!-- tc_testcases_nav -->
        <test-method signature="tc_video_nav()[pri:0, instance:com.myproject.tests.ContactUsPageUITest@2bdd8394]" started-at="2025-09-10T01:31:36 IST" name="tc_video_nav" description="Video Tutorials nav is present &amp; working" finished-at="2025-09-10T01:31:43 IST" duration-ms="6663" status="PASS">
          <reporter-output>
          </reporter-output>
        </test-method> <!-- tc_video_nav -->
        <test-method is-config="true" signature="afterClass()[pri:0, instance:com.myproject.tests.ContactUsPageUITest@2bdd8394]" started-at="2025-09-10T01:31:43 IST" name="afterClass" finished-at="2025-09-10T01:31:43 IST" duration-ms="507" status="PASS">
          <reporter-output>
          </reporter-output>
        </test-method> <!-- afterClass -->
      </class> <!-- com.myproject.tests.ContactUsPageUITest -->
    </test> <!-- SmokeTests -->
  </suite> <!-- AutomationExercise Suite -->
</testng-results>
